<?xml version="1.0" encoding="UTF-8"?>
<testng-results ignored="0" total="10" passed="8" failed="1" skipped="1">
  <reporter-output>
  </reporter-output>
  <suite started-at="2019-08-27T15:45:53Z" name="Default suite" finished-at="2019-08-27T15:48:43Z" duration-ms="170424">
    <groups>
    </groups>
    <test started-at="2019-08-27T15:45:53Z" name="Default test" finished-at="2019-08-27T15:48:43Z" duration-ms="170424">
      <class name="cse434.selenium3.test.chromedriver.Test_NG">
        <test-method is-config="true" signature="loadDriver()[pri:0, instance:cse434.selenium3.test.chromedriver.Test_NG@6f45df59]" started-at="2019-08-27T21:45:53Z" name="loadDriver" finished-at="2019-08-27T21:46:05Z" duration-ms="11911" status="PASS">
          <reporter-output>
          </reporter-output>
        </test-method> <!-- loadDriver -->
        <test-method signature="blankField()[pri:1, instance:cse434.selenium3.test.chromedriver.Test_NG@6f45df59]" started-at="2019-08-27T21:46:05Z" name="blankField" finished-at="2019-08-27T21:46:09Z" duration-ms="4240" status="PASS">
          <reporter-output>
          </reporter-output>
        </test-method> <!-- blankField -->
        <test-method is-config="true" signature="beforeMethod()[pri:0, instance:cse434.selenium3.test.chromedriver.Test_NG@6f45df59]" started-at="2019-08-27T21:46:05Z" name="beforeMethod" finished-at="2019-08-27T21:46:05Z" duration-ms="0" status="PASS">
          <reporter-output>
          </reporter-output>
        </test-method> <!-- beforeMethod -->
        <test-method is-config="true" signature="afterMethod()[pri:0, instance:cse434.selenium3.test.chromedriver.Test_NG@6f45df59]" started-at="2019-08-27T21:46:09Z" name="afterMethod" finished-at="2019-08-27T21:46:09Z" duration-ms="0" status="PASS">
          <reporter-output>
          </reporter-output>
        </test-method> <!-- afterMethod -->
        <test-method is-config="true" signature="beforeMethod()[pri:0, instance:cse434.selenium3.test.chromedriver.Test_NG@6f45df59]" started-at="2019-08-27T21:46:09Z" name="beforeMethod" finished-at="2019-08-27T21:46:09Z" duration-ms="1" status="PASS">
          <reporter-output>
          </reporter-output>
        </test-method> <!-- beforeMethod -->
        <test-method signature="invalidField()[pri:2, instance:cse434.selenium3.test.chromedriver.Test_NG@6f45df59]" started-at="2019-08-27T21:46:09Z" name="invalidField" finished-at="2019-08-27T21:46:21Z" duration-ms="11521" status="PASS">
          <reporter-output>
          </reporter-output>
        </test-method> <!-- invalidField -->
        <test-method is-config="true" signature="afterMethod()[pri:0, instance:cse434.selenium3.test.chromedriver.Test_NG@6f45df59]" started-at="2019-08-27T21:46:21Z" name="afterMethod" finished-at="2019-08-27T21:46:21Z" duration-ms="0" status="PASS">
          <reporter-output>
          </reporter-output>
        </test-method> <!-- afterMethod -->
        <test-method is-config="true" signature="beforeMethod()[pri:0, instance:cse434.selenium3.test.chromedriver.Test_NG@6f45df59]" started-at="2019-08-27T21:46:21Z" name="beforeMethod" finished-at="2019-08-27T21:46:21Z" duration-ms="2" status="PASS">
          <reporter-output>
          </reporter-output>
        </test-method> <!-- beforeMethod -->
        <test-method signature="passwordCheck()[pri:3, instance:cse434.selenium3.test.chromedriver.Test_NG@6f45df59]" started-at="2019-08-27T21:46:21Z" name="passwordCheck" finished-at="2019-08-27T21:46:21Z" duration-ms="1" status="SKIP">
          <exception class="org.testng.SkipException">
            <message>
              <![CDATA[Skip this test method]]>
            </message>
            <full-stacktrace>
              <![CDATA[org.testng.SkipException: Skip this test methodat cse434.selenium3.test.chromedriver.Test_NG.passwordCheck(Test_NG.java:83)at java.base/jdk.internal.reflect.NativeMethodAccessorImpl.invoke0(Native Method)at java.base/jdk.internal.reflect.NativeMethodAccessorImpl.invoke(NativeMethodAccessorImpl.java:62)at java.base/jdk.internal.reflect.DelegatingMethodAccessorImpl.invoke(DelegatingMethodAccessorImpl.java:43)at java.base/java.lang.reflect.Method.invoke(Method.java:564)at org.testng.internal.MethodInvocationHelper.invokeMethod(MethodInvocationHelper.java:124)at org.testng.internal.Invoker.invokeMethod(Invoker.java:571)at org.testng.internal.Invoker.invokeTestMethod(Invoker.java:707)at org.testng.internal.Invoker.invokeTestMethods(Invoker.java:979)at org.testng.internal.TestMethodWorker.invokeTestMethods(TestMethodWorker.java:125)at org.testng.internal.TestMethodWorker.run(TestMethodWorker.java:109)at org.testng.TestRunner.privateRun(TestRunner.java:648)at org.testng.TestRunner.run(TestRunner.java:505)at org.testng.SuiteRunner.runTest(SuiteRunner.java:455)at org.testng.SuiteRunner.runSequentially(SuiteRunner.java:450)at org.testng.SuiteRunner.privateRun(SuiteRunner.java:415)at org.testng.SuiteRunner.run(SuiteRunner.java:364)at org.testng.SuiteRunnerWorker.runSuite(SuiteRunnerWorker.java:52)at org.testng.SuiteRunnerWorker.run(SuiteRunnerWorker.java:84)at org.testng.TestNG.runSuitesSequentially(TestNG.java:1187)at org.testng.TestNG.runSuitesLocally(TestNG.java:1116)at org.testng.TestNG.runSuites(TestNG.java:1028)at org.testng.TestNG.run(TestNG.java:996)at org.testng.remote.AbstractRemoteTestNG.run(AbstractRemoteTestNG.java:114)at org.testng.remote.RemoteTestNG.initAndRun(RemoteTestNG.java:251)at org.testng.remote.RemoteTestNG.main(RemoteTestNG.java:77)]]>
            </full-stacktrace>
          </exception> <!-- org.testng.SkipException -->
          <reporter-output>
          </reporter-output>
        </test-method> <!-- passwordCheck -->
        <test-method is-config="true" signature="afterMethod()[pri:0, instance:cse434.selenium3.test.chromedriver.Test_NG@6f45df59]" started-at="2019-08-27T21:46:21Z" name="afterMethod" finished-at="2019-08-27T21:46:21Z" duration-ms="1" status="PASS">
          <reporter-output>
          </reporter-output>
        </test-method> <!-- afterMethod -->
        <test-method is-config="true" signature="beforeMethod()[pri:0, instance:cse434.selenium3.test.chromedriver.Test_NG@6f45df59]" started-at="2019-08-27T21:46:21Z" name="beforeMethod" finished-at="2019-08-27T21:46:21Z" duration-ms="0" status="PASS">
          <reporter-output>
          </reporter-output>
        </test-method> <!-- beforeMethod -->
        <test-method signature="signUp()[pri:4, instance:cse434.selenium3.test.chromedriver.Test_NG@6f45df59]" started-at="2019-08-27T21:46:21Z" name="signUp" finished-at="2019-08-27T21:46:31Z" duration-ms="10811" status="PASS">
          <reporter-output>
          </reporter-output>
        </test-method> <!-- signUp -->
        <test-method is-config="true" signature="afterMethod()[pri:0, instance:cse434.selenium3.test.chromedriver.Test_NG@6f45df59]" started-at="2019-08-27T21:46:31Z" name="afterMethod" finished-at="2019-08-27T21:46:31Z" duration-ms="0" status="PASS">
          <reporter-output>
          </reporter-output>
        </test-method> <!-- afterMethod -->
        <test-method is-config="true" signature="beforeMethod()[pri:0, instance:cse434.selenium3.test.chromedriver.Test_NG@6f45df59]" started-at="2019-08-27T21:46:31Z" name="beforeMethod" finished-at="2019-08-27T21:46:31Z" duration-ms="0" status="PASS">
          <reporter-output>
          </reporter-output>
        </test-method> <!-- beforeMethod -->
        <test-method signature="signupLogout()[pri:5, instance:cse434.selenium3.test.chromedriver.Test_NG@6f45df59]" started-at="2019-08-27T21:46:31Z" name="signupLogout" finished-at="2019-08-27T21:46:34Z" depends-on-methods="cse434.selenium3.test.chromedriver.Test_NG.signUp" duration-ms="2194" status="PASS">
          <reporter-output>
          </reporter-output>
        </test-method> <!-- signupLogout -->
        <test-method is-config="true" signature="afterMethod()[pri:0, instance:cse434.selenium3.test.chromedriver.Test_NG@6f45df59]" started-at="2019-08-27T21:46:34Z" name="afterMethod" finished-at="2019-08-27T21:46:34Z" duration-ms="0" status="PASS">
          <reporter-output>
          </reporter-output>
        </test-method> <!-- afterMethod -->
        <test-method is-config="true" signature="beforeMethod()[pri:0, instance:cse434.selenium3.test.chromedriver.Test_NG@6f45df59]" started-at="2019-08-27T21:46:34Z" name="beforeMethod" finished-at="2019-08-27T21:46:34Z" duration-ms="0" status="PASS">
          <reporter-output>
          </reporter-output>
        </test-method> <!-- beforeMethod -->
        <test-method signature="failedlogin()[pri:6, instance:cse434.selenium3.test.chromedriver.Test_NG@6f45df59]" started-at="2019-08-27T21:46:34Z" name="failedlogin" finished-at="2019-08-27T21:46:40Z" duration-ms="6717" status="PASS">
          <reporter-output>
          </reporter-output>
        </test-method> <!-- failedlogin -->
        <test-method is-config="true" signature="afterMethod()[pri:0, instance:cse434.selenium3.test.chromedriver.Test_NG@6f45df59]" started-at="2019-08-27T21:46:40Z" name="afterMethod" finished-at="2019-08-27T21:46:40Z" duration-ms="1" status="PASS">
          <reporter-output>
          </reporter-output>
        </test-method> <!-- afterMethod -->
        <test-method signature="logIn()[pri:7, instance:cse434.selenium3.test.chromedriver.Test_NG@6f45df59]" started-at="2019-08-27T21:46:40Z" name="logIn" finished-at="2019-08-27T21:46:47Z" duration-ms="7050" status="PASS">
          <reporter-output>
          </reporter-output>
        </test-method> <!-- logIn -->
        <test-method is-config="true" signature="beforeMethod()[pri:0, instance:cse434.selenium3.test.chromedriver.Test_NG@6f45df59]" started-at="2019-08-27T21:46:40Z" name="beforeMethod" finished-at="2019-08-27T21:46:40Z" duration-ms="0" status="PASS">
          <reporter-output>
          </reporter-output>
        </test-method> <!-- beforeMethod -->
        <test-method is-config="true" signature="afterMethod()[pri:0, instance:cse434.selenium3.test.chromedriver.Test_NG@6f45df59]" started-at="2019-08-27T21:46:47Z" name="afterMethod" finished-at="2019-08-27T21:46:47Z" duration-ms="0" status="PASS">
          <reporter-output>
          </reporter-output>
        </test-method> <!-- afterMethod -->
        <test-method is-config="true" signature="beforeMethod()[pri:0, instance:cse434.selenium3.test.chromedriver.Test_NG@6f45df59]" started-at="2019-08-27T21:46:47Z" name="beforeMethod" finished-at="2019-08-27T21:46:47Z" duration-ms="0" status="PASS">
          <reporter-output>
          </reporter-output>
        </test-method> <!-- beforeMethod -->
        <test-method signature="bookingForTour()[pri:9, instance:cse434.selenium3.test.chromedriver.Test_NG@6f45df59]" started-at="2019-08-27T21:46:47Z" name="bookingForTour" finished-at="2019-08-27T21:48:16Z" duration-ms="89009" status="FAIL">
          <exception class="org.openqa.selenium.NoSuchElementException">
            <message>
              <![CDATA[no such element: Unable to locate element: {"method":"xpath","selector":"//*[@id="guestform"]/div[1]/div[2]/input"}  (Session info: chrome=76.0.3809.100)For documentation on this error, please visit: https://www.seleniumhq.org/exceptions/no_such_element.htmlBuild info: version: '3.141.59', revision: 'e82be7d358', time: '2018-11-14T08:25:48'System info: host: 'Monirs-MacBook-Pro.local', ip: 'fe80:0:0:0:1c50:e26a:126:fd37%en0', os.name: 'Mac OS X', os.arch: 'x86_64', os.version: '10.14.5', java.version: '9.0.1'Driver info: org.openqa.selenium.chrome.ChromeDriverCapabilities {acceptInsecureCerts: false, browserName: chrome, browserVersion: 76.0.3809.100, chrome: {chromedriverVersion: 75.0.3770.140 (2d9f97485c7b..., userDataDir: /var/folders/4m/k83f74rn32s...}, goog:chromeOptions: {debuggerAddress: localhost:50654}, javascriptEnabled: true, networkConnectionEnabled: false, pageLoadStrategy: normal, platform: MAC, platformName: MAC, proxy: Proxy(), setWindowRect: true, strictFileInteractability: false, timeouts: {implicit: 0, pageLoad: 300000, script: 30000}, unhandledPromptBehavior: dismiss and notify}Session ID: 169447326804af59854f30be35e15bc9*** Element info: {Using=xpath, value=//*[@id="guestform"]/div[1]/div[2]/input}]]>
            </message>
            <full-stacktrace>
              <![CDATA[org.openqa.selenium.NoSuchElementException: no such element: Unable to locate element: {"method":"xpath","selector":"//*[@id="guestform"]/div[1]/div[2]/input"}  (Session info: chrome=76.0.3809.100)For documentation on this error, please visit: https://www.seleniumhq.org/exceptions/no_such_element.htmlBuild info: version: '3.141.59', revision: 'e82be7d358', time: '2018-11-14T08:25:48'System info: host: 'Monirs-MacBook-Pro.local', ip: 'fe80:0:0:0:1c50:e26a:126:fd37%en0', os.name: 'Mac OS X', os.arch: 'x86_64', os.version: '10.14.5', java.version: '9.0.1'Driver info: org.openqa.selenium.chrome.ChromeDriverCapabilities {acceptInsecureCerts: false, browserName: chrome, browserVersion: 76.0.3809.100, chrome: {chromedriverVersion: 75.0.3770.140 (2d9f97485c7b..., userDataDir: /var/folders/4m/k83f74rn32s...}, goog:chromeOptions: {debuggerAddress: localhost:50654}, javascriptEnabled: true, networkConnectionEnabled: false, pageLoadStrategy: normal, platform: MAC, platformName: MAC, proxy: Proxy(), setWindowRect: true, strictFileInteractability: false, timeouts: {implicit: 0, pageLoad: 300000, script: 30000}, unhandledPromptBehavior: dismiss and notify}Session ID: 169447326804af59854f30be35e15bc9*** Element info: {Using=xpath, value=//*[@id="guestform"]/div[1]/div[2]/input}at java.base/jdk.internal.reflect.NativeConstructorAccessorImpl.newInstance0(Native Method)at java.base/jdk.internal.reflect.NativeConstructorAccessorImpl.newInstance(NativeConstructorAccessorImpl.java:62)at java.base/jdk.internal.reflect.DelegatingConstructorAccessorImpl.newInstance(DelegatingConstructorAccessorImpl.java:45)at java.base/java.lang.reflect.Constructor.newInstance(Constructor.java:488)at org.openqa.selenium.remote.http.W3CHttpResponseCodec.createException(W3CHttpResponseCodec.java:187)at org.openqa.selenium.remote.http.W3CHttpResponseCodec.decode(W3CHttpResponseCodec.java:122)at org.openqa.selenium.remote.http.W3CHttpResponseCodec.decode(W3CHttpResponseCodec.java:49)at org.openqa.selenium.remote.HttpCommandExecutor.execute(HttpCommandExecutor.java:158)at org.openqa.selenium.remote.service.DriverCommandExecutor.execute(DriverCommandExecutor.java:83)at org.openqa.selenium.remote.RemoteWebDriver.execute(RemoteWebDriver.java:552)at org.openqa.selenium.remote.RemoteWebDriver.findElement(RemoteWebDriver.java:323)at org.openqa.selenium.remote.RemoteWebDriver.findElementByXPath(RemoteWebDriver.java:428)at org.openqa.selenium.By$ByXPath.findElement(By.java:353)at org.openqa.selenium.remote.RemoteWebDriver.findElement(RemoteWebDriver.java:315)at cse434.selenium3.test.chromedriver.Test_NG.tourBooking(Test_NG.java:350)at cse434.selenium3.test.chromedriver.Test_NG.bookingForTour(Test_NG.java:121)at java.base/jdk.internal.reflect.NativeMethodAccessorImpl.invoke0(Native Method)at java.base/jdk.internal.reflect.NativeMethodAccessorImpl.invoke(NativeMethodAccessorImpl.java:62)at java.base/jdk.internal.reflect.DelegatingMethodAccessorImpl.invoke(DelegatingMethodAccessorImpl.java:43)at java.base/java.lang.reflect.Method.invoke(Method.java:564)at org.testng.internal.MethodInvocationHelper.invokeMethod(MethodInvocationHelper.java:124)at org.testng.internal.Invoker.invokeMethod(Invoker.java:571)at org.testng.internal.Invoker.invokeTestMethod(Invoker.java:707)at org.testng.internal.Invoker.invokeTestMethods(Invoker.java:979)at org.testng.internal.TestMethodWorker.invokeTestMethods(TestMethodWorker.java:125)at org.testng.internal.TestMethodWorker.run(TestMethodWorker.java:109)at org.testng.TestRunner.privateRun(TestRunner.java:648)at org.testng.TestRunner.run(TestRunner.java:505)at org.testng.SuiteRunner.runTest(SuiteRunner.java:455)at org.testng.SuiteRunner.runSequentially(SuiteRunner.java:450)at org.testng.SuiteRunner.privateRun(SuiteRunner.java:415)at org.testng.SuiteRunner.run(SuiteRunner.java:364)at org.testng.SuiteRunnerWorker.runSuite(SuiteRunnerWorker.java:52)at org.testng.SuiteRunnerWorker.run(SuiteRunnerWorker.java:84)at org.testng.TestNG.runSuitesSequentially(TestNG.java:1187)at org.testng.TestNG.runSuitesLocally(TestNG.java:1116)at org.testng.TestNG.runSuites(TestNG.java:1028)at org.testng.TestNG.run(TestNG.java:996)at org.testng.remote.AbstractRemoteTestNG.run(AbstractRemoteTestNG.java:114)at org.testng.remote.RemoteTestNG.initAndRun(RemoteTestNG.java:251)at org.testng.remote.RemoteTestNG.main(RemoteTestNG.java:77)]]>
            </full-stacktrace>
          </exception> <!-- org.openqa.selenium.NoSuchElementException -->
          <reporter-output>
          </reporter-output>
        </test-method> <!-- bookingForTour -->
        <test-method signature="traveoffer()[pri:10, instance:cse434.selenium3.test.chromedriver.Test_NG@6f45df59]" started-at="2019-08-27T21:48:16Z" name="traveoffer" finished-at="2019-08-27T21:48:28Z" duration-ms="11255" status="PASS">
          <reporter-output>
          </reporter-output>
        </test-method> <!-- traveoffer -->
        <test-method is-config="true" signature="beforeMethod()[pri:0, instance:cse434.selenium3.test.chromedriver.Test_NG@6f45df59]" started-at="2019-08-27T21:48:16Z" name="beforeMethod" finished-at="2019-08-27T21:48:16Z" duration-ms="0" status="PASS">
          <reporter-output>
          </reporter-output>
        </test-method> <!-- beforeMethod -->
        <test-method is-config="true" signature="afterMethod()[pri:0, instance:cse434.selenium3.test.chromedriver.Test_NG@6f45df59]" started-at="2019-08-27T21:48:16Z" name="afterMethod" finished-at="2019-08-27T21:48:16Z" duration-ms="0" status="PASS">
          <reporter-output>
          </reporter-output>
        </test-method> <!-- afterMethod -->
        <test-method is-config="true" signature="afterMethod()[pri:0, instance:cse434.selenium3.test.chromedriver.Test_NG@6f45df59]" started-at="2019-08-27T21:48:28Z" name="afterMethod" finished-at="2019-08-27T21:48:28Z" duration-ms="0" status="PASS">
          <reporter-output>
          </reporter-output>
        </test-method> <!-- afterMethod -->
        <test-method is-config="true" signature="beforeMethod()[pri:0, instance:cse434.selenium3.test.chromedriver.Test_NG@6f45df59]" started-at="2019-08-27T21:48:28Z" name="beforeMethod" finished-at="2019-08-27T21:48:28Z" duration-ms="1" status="PASS">
          <reporter-output>
          </reporter-output>
        </test-method> <!-- beforeMethod -->
        <test-method signature="travelBlog()[pri:11, instance:cse434.selenium3.test.chromedriver.Test_NG@6f45df59]" started-at="2019-08-27T21:48:28Z" name="travelBlog" finished-at="2019-08-27T21:48:40Z" duration-ms="12566" status="PASS">
          <reporter-output>
          </reporter-output>
        </test-method> <!-- travelBlog -->
        <test-method is-config="true" signature="afterMethod()[pri:0, instance:cse434.selenium3.test.chromedriver.Test_NG@6f45df59]" started-at="2019-08-27T21:48:40Z" name="afterMethod" finished-at="2019-08-27T21:48:40Z" duration-ms="1" status="PASS">
          <reporter-output>
          </reporter-output>
        </test-method> <!-- afterMethod -->
        <test-method is-config="true" signature="closeBrowser()[pri:0, instance:cse434.selenium3.test.chromedriver.Test_NG@6f45df59]" started-at="2019-08-27T21:48:40Z" name="closeBrowser" finished-at="2019-08-27T21:48:43Z" duration-ms="3100" status="PASS">
          <reporter-output>
          </reporter-output>
        </test-method> <!-- closeBrowser -->
      </class> <!-- cse434.selenium3.test.chromedriver.Test_NG -->
    </test> <!-- Default test -->
  </suite> <!-- Default suite -->
</testng-results>
